<?xml version="1.0" encoding="UTF-8"?>
<testng-results ignored="0" total="15" passed="14" failed="1" skipped="0">
  <reporter-output>
  </reporter-output>
  <suite started-at="2024-03-25T14:00:40 IST" name="Default suite" finished-at="2024-03-25T14:04:43 IST" duration-ms="242923">
    <groups>
    </groups>
    <test started-at="2024-03-25T14:00:40 IST" name="Default test" finished-at="2024-03-25T14:04:43 IST" duration-ms="242923">
      <class name="Testcases.Tc_04_Loginpage_email">
        <test-method is-config="true" signature="startup()[pri:0, instance:Testcases.Tc_04_Loginpage_email@62ddbd7e]" started-at="2024-03-25T14:00:40 IST" name="startup" finished-at="2024-03-25T14:00:51 IST" duration-ms="10810" status="PASS">
          <reporter-output>
          </reporter-output>
        </test-method> <!-- startup -->
        <test-method signature="Login_using_email()[pri:4, instance:Testcases.Tc_04_Loginpage_email@62ddbd7e]" started-at="2024-03-25T14:00:51 IST" name="Login_using_email" finished-at="2024-03-25T14:00:58 IST" duration-ms="7225" status="PASS">
          <reporter-output>
          </reporter-output>
        </test-method> <!-- Login_using_email -->
        <test-method is-config="true" signature="close()[pri:0, instance:Testcases.Tc_04_Loginpage_email@62ddbd7e]" started-at="2024-03-25T14:00:58 IST" name="close" finished-at="2024-03-25T14:00:58 IST" duration-ms="397" status="PASS">
          <reporter-output>
          </reporter-output>
        </test-method> <!-- close -->
      </class> <!-- Testcases.Tc_04_Loginpage_email -->
      <class name="Testcases.Tc_05_Search_Flightpage">
        <test-method is-config="true" signature="startup()[pri:0, instance:Testcases.Tc_05_Search_Flightpage@79defdc]" started-at="2024-03-25T14:03:01 IST" name="startup" finished-at="2024-03-25T14:03:09 IST" duration-ms="7891" status="PASS">
          <reporter-output>
          </reporter-output>
        </test-method> <!-- startup -->
        <test-method signature="oneway_trip()[pri:5, instance:Testcases.Tc_05_Search_Flightpage@79defdc]" started-at="2024-03-25T14:03:09 IST" name="oneway_trip" finished-at="2024-03-25T14:03:12 IST" duration-ms="3450" status="PASS">
          <reporter-output>
          </reporter-output>
        </test-method> <!-- oneway_trip -->
        <test-method is-config="true" signature="close()[pri:0, instance:Testcases.Tc_05_Search_Flightpage@79defdc]" started-at="2024-03-25T14:03:12 IST" name="close" finished-at="2024-03-25T14:03:12 IST" duration-ms="237" status="PASS">
          <reporter-output>
          </reporter-output>
        </test-method> <!-- close -->
        <test-method is-config="true" signature="startup()[pri:0, instance:Testcases.Tc_05_Search_Flightpage@79defdc]" started-at="2024-03-25T14:03:12 IST" name="startup" finished-at="2024-03-25T14:03:19 IST" duration-ms="6470" status="PASS">
          <reporter-output>
          </reporter-output>
        </test-method> <!-- startup -->
        <test-method signature="round_trip()[pri:6, instance:Testcases.Tc_05_Search_Flightpage@79defdc]" started-at="2024-03-25T14:03:19 IST" name="round_trip" finished-at="2024-03-25T14:03:23 IST" duration-ms="3984" status="PASS">
          <reporter-output>
          </reporter-output>
        </test-method> <!-- round_trip -->
        <test-method is-config="true" signature="close()[pri:0, instance:Testcases.Tc_05_Search_Flightpage@79defdc]" started-at="2024-03-25T14:03:23 IST" name="close" finished-at="2024-03-25T14:03:23 IST" duration-ms="238" status="PASS">
          <reporter-output>
          </reporter-output>
        </test-method> <!-- close -->
      </class> <!-- Testcases.Tc_05_Search_Flightpage -->
      <class name="Testcases.Tc_02_Signuppage">
        <test-method is-config="true" signature="setup()[pri:0, instance:Testcases.Tc_02_Signuppage@18317edc]" started-at="2024-03-25T14:00:40 IST" name="setup" finished-at="2024-03-25T14:00:40 IST" duration-ms="67" status="PASS">
          <reporter-output>
          </reporter-output>
        </test-method> <!-- setup -->
        <test-method is-config="true" signature="startup()[pri:0, instance:Testcases.Tc_02_Signuppage@18317edc]" started-at="2024-03-25T14:03:23 IST" name="startup" finished-at="2024-03-25T14:03:31 IST" duration-ms="7631" status="PASS">
          <reporter-output>
          </reporter-output>
        </test-method> <!-- startup -->
        <test-method signature="Signup(java.lang.String,java.lang.String,java.lang.String,java.lang.String,java.lang.String,java.lang.String,java.lang.String,java.lang.String,java.lang.String)[pri:2, instance:Testcases.Tc_02_Signuppage@18317edc]" started-at="2024-03-25T14:03:31 IST" name="Signup" data-provider="Testdata" finished-at="2024-03-25T14:03:47 IST" duration-ms="16820" status="FAIL">
          <params>
            <param index="0">
              <value>
                <![CDATA[Mr]]>
              </value>
            </param>
            <param index="1">
              <value>
                <![CDATA[Testing]]>
              </value>
            </param>
            <param index="2">
              <value>
                <![CDATA[Test]]>
              </value>
            </param>
            <param index="3">
              <value>
                <![CDATA[India]]>
              </value>
            </param>
            <param index="4">
              <value>
                <![CDATA[04-03-1998]]>
              </value>
            </param>
            <param index="5">
              <value>
                <![CDATA[8754807756]]>
              </value>
            </param>
            <param index="6">
              <value>
                <![CDATA[dummytesting23541@gmail.com]]>
              </value>
            </param>
            <param index="7">
              <value>
                <![CDATA[Test@1234]]>
              </value>
            </param>
            <param index="8">
              <value>
                <![CDATA[Test@1234]]>
              </value>
            </param>
          </params>
          <exception class="org.openqa.selenium.ElementClickInterceptedException">
            <message>
              <![CDATA[element click intercepted: Element is not clickable at point (280, 1047)
  (Session info: chrome=122.0.6261.129)
Build info: version: '4.16.1', revision: '9b4c83354e'
System info: os.name: 'Windows 10', os.arch: 'amd64', os.version: '10.0', java.version: '17.0.9'
Driver info: org.openqa.selenium.chrome.ChromeDriver
Command: [033a30fecc2e2f80a89083e3172ce1b3, clickElement {id=f.72FEC98237499367B8E601881DE4A4D8.d.B3D700DD368F58B2664952AA495B4F20.e.158}]
Capabilities {acceptInsecureCerts: false, browserName: chrome, browserVersion: 122.0.6261.129, chrome: {chromedriverVersion: 122.0.6261.128 (f18a44fedeb..., userDataDir: C:\Users\USER\AppData\Local...}, fedcm:accounts: true, goog:chromeOptions: {debuggerAddress: localhost:55156}, networkConnectionEnabled: false, pageLoadStrategy: normal, platformName: windows, proxy: Proxy(), se:cdp: ws://localhost:55156/devtoo..., se:cdpVersion: 122.0.6261.129, setWindowRect: true, strictFileInteractability: false, timeouts: {implicit: 0, pageLoad: 300000, script: 30000}, unhandledPromptBehavior: dismiss and notify, webauthn:extension:credBlob: true, webauthn:extension:largeBlob: true, webauthn:extension:minPinLength: true, webauthn:extension:prf: true, webauthn:virtualAuthenticators: true}
Element: [[ChromeDriver: chrome on windows (033a30fecc2e2f80a89083e3172ce1b3)] -> xpath: //button[normalize-space()='Submit']]
Session ID: 033a30fecc2e2f80a89083e3172ce1b3]]>
            </message>
            <full-stacktrace>
              <![CDATA[org.openqa.selenium.ElementClickInterceptedException: element click intercepted: Element is not clickable at point (280, 1047)
  (Session info: chrome=122.0.6261.129)
Build info: version: '4.16.1', revision: '9b4c83354e'
System info: os.name: 'Windows 10', os.arch: 'amd64', os.version: '10.0', java.version: '17.0.9'
Driver info: org.openqa.selenium.chrome.ChromeDriver
Command: [033a30fecc2e2f80a89083e3172ce1b3, clickElement {id=f.72FEC98237499367B8E601881DE4A4D8.d.B3D700DD368F58B2664952AA495B4F20.e.158}]
Capabilities {acceptInsecureCerts: false, browserName: chrome, browserVersion: 122.0.6261.129, chrome: {chromedriverVersion: 122.0.6261.128 (f18a44fedeb..., userDataDir: C:\Users\USER\AppData\Local...}, fedcm:accounts: true, goog:chromeOptions: {debuggerAddress: localhost:55156}, networkConnectionEnabled: false, pageLoadStrategy: normal, platformName: windows, proxy: Proxy(), se:cdp: ws://localhost:55156/devtoo..., se:cdpVersion: 122.0.6261.129, setWindowRect: true, strictFileInteractability: false, timeouts: {implicit: 0, pageLoad: 300000, script: 30000}, unhandledPromptBehavior: dismiss and notify, webauthn:extension:credBlob: true, webauthn:extension:largeBlob: true, webauthn:extension:minPinLength: true, webauthn:extension:prf: true, webauthn:virtualAuthenticators: true}
Element: [[ChromeDriver: chrome on windows (033a30fecc2e2f80a89083e3172ce1b3)] -> xpath: //button[normalize-space()='Submit']]
Session ID: 033a30fecc2e2f80a89083e3172ce1b3
at java.base/jdk.internal.reflect.NativeConstructorAccessorImpl.newInstance0(Native Method)
at java.base/jdk.internal.reflect.NativeConstructorAccessorImpl.newInstance(NativeConstructorAccessorImpl.java:77)
at java.base/jdk.internal.reflect.DelegatingConstructorAccessorImpl.newInstance(DelegatingConstructorAccessorImpl.java:45)
at java.base/java.lang.reflect.Constructor.newInstanceWithCaller(Constructor.java:499)
at java.base/java.lang.reflect.Constructor.newInstance(Constructor.java:480)
at org.openqa.selenium.remote.codec.w3c.W3CHttpResponseCodec.createException(W3CHttpResponseCodec.java:200)
at org.openqa.selenium.remote.codec.w3c.W3CHttpResponseCodec.decode(W3CHttpResponseCodec.java:133)
at org.openqa.selenium.remote.codec.w3c.W3CHttpResponseCodec.decode(W3CHttpResponseCodec.java:52)
at org.openqa.selenium.remote.HttpCommandExecutor.execute(HttpCommandExecutor.java:191)
at org.openqa.selenium.remote.service.DriverCommandExecutor.invokeExecute(DriverCommandExecutor.java:200)
at org.openqa.selenium.remote.service.DriverCommandExecutor.execute(DriverCommandExecutor.java:175)
at org.openqa.selenium.remote.RemoteWebDriver.execute(RemoteWebDriver.java:523)
at org.openqa.selenium.remote.RemoteWebElement.execute(RemoteWebElement.java:224)
at org.openqa.selenium.remote.RemoteWebElement.click(RemoteWebElement.java:77)
at jdk.internal.reflect.GeneratedMethodAccessor3.invoke(Unknown Source)
at java.base/jdk.internal.reflect.DelegatingMethodAccessorImpl.invoke(DelegatingMethodAccessorImpl.java:43)
at java.base/java.lang.reflect.Method.invoke(Method.java:568)
at org.openqa.selenium.support.pagefactory.internal.LocatingElementHandler.invoke(LocatingElementHandler.java:51)
at jdk.proxy2/jdk.proxy2.$Proxy17.click(Unknown Source)
at PageObject.Signuppage.submtbtn(Signuppage.java:106)
at Testcases.Tc_02_Signuppage.Signup(Tc_02_Signuppage.java:37)
at java.base/jdk.internal.reflect.NativeMethodAccessorImpl.invoke0(Native Method)
at java.base/jdk.internal.reflect.NativeMethodAccessorImpl.invoke(NativeMethodAccessorImpl.java:77)
at java.base/jdk.internal.reflect.DelegatingMethodAccessorImpl.invoke(DelegatingMethodAccessorImpl.java:43)
at java.base/java.lang.reflect.Method.invoke(Method.java:568)
at org.testng.internal.invokers.MethodInvocationHelper.invokeMethod(MethodInvocationHelper.java:139)
at org.testng.internal.invokers.TestInvoker.invokeMethod(TestInvoker.java:664)
at org.testng.internal.invokers.TestInvoker.invokeTestMethod(TestInvoker.java:227)
at org.testng.internal.invokers.MethodRunner.runInSequence(MethodRunner.java:50)
at org.testng.internal.invokers.TestInvoker$MethodInvocationAgent.invoke(TestInvoker.java:957)
at org.testng.internal.invokers.TestInvoker.invokeTestMethods(TestInvoker.java:200)
at org.testng.internal.invokers.TestMethodWorker.invokeTestMethods(TestMethodWorker.java:148)
at org.testng.internal.invokers.TestMethodWorker.run(TestMethodWorker.java:128)
at java.base/java.util.ArrayList.forEach(ArrayList.java:1511)
at org.testng.TestRunner.privateRun(TestRunner.java:848)
at org.testng.TestRunner.run(TestRunner.java:621)
at org.testng.SuiteRunner.runTest(SuiteRunner.java:443)
at org.testng.SuiteRunner.runSequentially(SuiteRunner.java:437)
at org.testng.SuiteRunner.privateRun(SuiteRunner.java:397)
at org.testng.SuiteRunner.run(SuiteRunner.java:336)
at org.testng.SuiteRunnerWorker.runSuite(SuiteRunnerWorker.java:52)
at org.testng.SuiteRunnerWorker.run(SuiteRunnerWorker.java:95)
at org.testng.TestNG.runSuitesSequentially(TestNG.java:1280)
at org.testng.TestNG.runSuitesLocally(TestNG.java:1200)
at org.testng.TestNG.runSuites(TestNG.java:1114)
at org.testng.TestNG.run(TestNG.java:1082)
at org.testng.remote.AbstractRemoteTestNG.run(AbstractRemoteTestNG.java:115)
at org.testng.remote.RemoteTestNG.initAndRun(RemoteTestNG.java:251)
at org.testng.remote.RemoteTestNG.main(RemoteTestNG.java:77)
]]>
            </full-stacktrace>
          </exception> <!-- org.openqa.selenium.ElementClickInterceptedException -->
          <reporter-output>
          </reporter-output>
        </test-method> <!-- Signup -->
        <test-method is-config="true" signature="close()[pri:0, instance:Testcases.Tc_02_Signuppage@18317edc]" started-at="2024-03-25T14:03:47 IST" name="close" finished-at="2024-03-25T14:03:48 IST" duration-ms="373" status="PASS">
          <reporter-output>
          </reporter-output>
        </test-method> <!-- close -->
      </class> <!-- Testcases.Tc_02_Signuppage -->
      <class name="Testcases.Tc_03_Loginpage_Mobno">
        <test-method is-config="true" signature="setup()[pri:0, instance:Testcases.Tc_03_Loginpage_Mobno@7770f470]" started-at="2024-03-25T14:00:40 IST" name="setup" finished-at="2024-03-25T14:00:40 IST" duration-ms="1" status="PASS">
          <reporter-output>
          </reporter-output>
        </test-method> <!-- setup -->
        <test-method is-config="true" signature="startup()[pri:0, instance:Testcases.Tc_03_Loginpage_Mobno@7770f470]" started-at="2024-03-25T14:01:00 IST" name="startup" finished-at="2024-03-25T14:01:11 IST" duration-ms="11171" status="PASS">
          <reporter-output>
          </reporter-output>
        </test-method> <!-- startup -->
        <test-method signature="Login_using_mobile(java.lang.String,java.lang.String)[pri:3, instance:Testcases.Tc_03_Loginpage_Mobno@7770f470]" started-at="2024-03-25T14:01:11 IST" name="Login_using_mobile" data-provider="Testdata" finished-at="2024-03-25T14:01:17 IST" duration-ms="6083" status="PASS">
          <params>
            <param index="0">
              <value>
                <![CDATA[8.754807756E9]]>
              </value>
            </param>
            <param index="1">
              <value>
                <![CDATA[`]]>
              </value>
            </param>
          </params>
          <reporter-output>
          </reporter-output>
        </test-method> <!-- Login_using_mobile -->
        <test-method is-config="true" signature="close()[pri:0, instance:Testcases.Tc_03_Loginpage_Mobno@7770f470]" started-at="2024-03-25T14:01:17 IST" name="close" finished-at="2024-03-25T14:01:17 IST" duration-ms="300" status="PASS">
          <reporter-output>
          </reporter-output>
        </test-method> <!-- close -->
        <test-method is-config="true" signature="startup()[pri:0, instance:Testcases.Tc_03_Loginpage_Mobno@7770f470]" started-at="2024-03-25T14:01:17 IST" name="startup" finished-at="2024-03-25T14:01:26 IST" duration-ms="8297" status="PASS">
          <reporter-output>
          </reporter-output>
        </test-method> <!-- startup -->
        <test-method signature="Login_using_mobile(java.lang.String,java.lang.String)[pri:3, instance:Testcases.Tc_03_Loginpage_Mobno@7770f470]" started-at="2024-03-25T14:01:26 IST" name="Login_using_mobile" data-provider="Testdata" finished-at="2024-03-25T14:01:32 IST" duration-ms="6525" status="PASS">
          <params>
            <param index="0">
              <value>
                <![CDATA[`]]>
              </value>
            </param>
            <param index="1">
              <value>
                <![CDATA[Test@1234]]>
              </value>
            </param>
          </params>
          <reporter-output>
          </reporter-output>
        </test-method> <!-- Login_using_mobile -->
        <test-method is-config="true" signature="close()[pri:0, instance:Testcases.Tc_03_Loginpage_Mobno@7770f470]" started-at="2024-03-25T14:01:32 IST" name="close" finished-at="2024-03-25T14:01:33 IST" duration-ms="412" status="PASS">
          <reporter-output>
          </reporter-output>
        </test-method> <!-- close -->
        <test-method is-config="true" signature="startup()[pri:0, instance:Testcases.Tc_03_Loginpage_Mobno@7770f470]" started-at="2024-03-25T14:01:33 IST" name="startup" finished-at="2024-03-25T14:01:41 IST" duration-ms="8224" status="PASS">
          <reporter-output>
          </reporter-output>
        </test-method> <!-- startup -->
        <test-method signature="Login_using_mobile(java.lang.String,java.lang.String)[pri:3, instance:Testcases.Tc_03_Loginpage_Mobno@7770f470]" started-at="2024-03-25T14:01:41 IST" name="Login_using_mobile" data-provider="Testdata" finished-at="2024-03-25T14:01:47 IST" duration-ms="6595" status="PASS">
          <params>
            <param index="0">
              <value>
                <![CDATA[8.75480775E8]]>
              </value>
            </param>
            <param index="1">
              <value>
                <![CDATA[Test@12]]>
              </value>
            </param>
          </params>
          <reporter-output>
          </reporter-output>
        </test-method> <!-- Login_using_mobile -->
        <test-method is-config="true" signature="close()[pri:0, instance:Testcases.Tc_03_Loginpage_Mobno@7770f470]" started-at="2024-03-25T14:01:47 IST" name="close" finished-at="2024-03-25T14:01:48 IST" duration-ms="282" status="PASS">
          <reporter-output>
          </reporter-output>
        </test-method> <!-- close -->
        <test-method is-config="true" signature="startup()[pri:0, instance:Testcases.Tc_03_Loginpage_Mobno@7770f470]" started-at="2024-03-25T14:01:48 IST" name="startup" finished-at="2024-03-25T14:01:56 IST" duration-ms="7921" status="PASS">
          <reporter-output>
          </reporter-output>
        </test-method> <!-- startup -->
        <test-method signature="Login_using_mobile(java.lang.String,java.lang.String)[pri:3, instance:Testcases.Tc_03_Loginpage_Mobno@7770f470]" started-at="2024-03-25T14:01:56 IST" name="Login_using_mobile" data-provider="Testdata" finished-at="2024-03-25T14:02:02 IST" duration-ms="6417" status="PASS">
          <params>
            <param index="0">
              <value>
                <![CDATA[8.754807756E9]]>
              </value>
            </param>
            <param index="1">
              <value>
                <![CDATA[Test@1234]]>
              </value>
            </param>
          </params>
          <reporter-output>
          </reporter-output>
        </test-method> <!-- Login_using_mobile -->
        <test-method is-config="true" signature="close()[pri:0, instance:Testcases.Tc_03_Loginpage_Mobno@7770f470]" started-at="2024-03-25T14:02:02 IST" name="close" finished-at="2024-03-25T14:02:02 IST" duration-ms="285" status="PASS">
          <reporter-output>
          </reporter-output>
        </test-method> <!-- close -->
      </class> <!-- Testcases.Tc_03_Loginpage_Mobno -->
      <class name="Testcases.Tc_07_Bookingformpage">
        <test-method is-config="true" signature="startup()[pri:0, instance:Testcases.Tc_07_Bookingformpage@24313fcc]" started-at="2024-03-25T14:02:02 IST" name="startup" finished-at="2024-03-25T14:02:10 IST" duration-ms="7871" status="PASS">
          <reporter-output>
          </reporter-output>
        </test-method> <!-- startup -->
        <test-method signature="Bookingpage()[pri:8, instance:Testcases.Tc_07_Bookingformpage@24313fcc]" started-at="2024-03-25T14:02:10 IST" name="Bookingpage" finished-at="2024-03-25T14:02:35 IST" duration-ms="25217" status="PASS">
          <reporter-output>
          </reporter-output>
        </test-method> <!-- Bookingpage -->
        <test-method is-config="true" signature="close()[pri:0, instance:Testcases.Tc_07_Bookingformpage@24313fcc]" started-at="2024-03-25T14:02:35 IST" name="close" finished-at="2024-03-25T14:02:36 IST" duration-ms="352" status="PASS">
          <reporter-output>
          </reporter-output>
        </test-method> <!-- close -->
      </class> <!-- Testcases.Tc_07_Bookingformpage -->
      <class name="Testcases.Tc_06_Select_Flightpage">
        <test-method is-config="true" signature="startup()[pri:0, instance:Testcases.Tc_06_Select_Flightpage@4e0ae11f]" started-at="2024-03-25T14:03:48 IST" name="startup" finished-at="2024-03-25T14:03:55 IST" duration-ms="7238" status="PASS">
          <reporter-output>
          </reporter-output>
        </test-method> <!-- startup -->
        <test-method signature="SelectFlight()[pri:7, instance:Testcases.Tc_06_Select_Flightpage@4e0ae11f]" started-at="2024-03-25T14:03:55 IST" name="SelectFlight" finished-at="2024-03-25T14:04:07 IST" duration-ms="11967" status="PASS">
          <reporter-output>
          </reporter-output>
        </test-method> <!-- SelectFlight -->
        <test-method is-config="true" signature="close()[pri:0, instance:Testcases.Tc_06_Select_Flightpage@4e0ae11f]" started-at="2024-03-25T14:04:07 IST" name="close" finished-at="2024-03-25T14:04:08 IST" duration-ms="1109" status="PASS">
          <reporter-output>
          </reporter-output>
        </test-method> <!-- close -->
      </class> <!-- Testcases.Tc_06_Select_Flightpage -->
      <class name="Testcases.Tc_09_Verify_menuitems">
        <test-method is-config="true" signature="startup()[pri:0, instance:Testcases.Tc_09_Verify_menuitems@2c78324b]" started-at="2024-03-25T14:02:36 IST" name="startup" finished-at="2024-03-25T14:02:43 IST" duration-ms="7070" status="PASS">
          <reporter-output>
          </reporter-output>
        </test-method> <!-- startup -->
        <test-method signature="Flightstatusmenu_verify()[pri:10, instance:Testcases.Tc_09_Verify_menuitems@2c78324b]" started-at="2024-03-25T14:02:43 IST" name="Flightstatusmenu_verify" finished-at="2024-03-25T14:02:43 IST" duration-ms="368" status="PASS">
          <reporter-output>
          </reporter-output>
        </test-method> <!-- Flightstatusmenu_verify -->
        <test-method is-config="true" signature="close()[pri:0, instance:Testcases.Tc_09_Verify_menuitems@2c78324b]" started-at="2024-03-25T14:02:43 IST" name="close" finished-at="2024-03-25T14:02:44 IST" duration-ms="247" status="PASS">
          <reporter-output>
          </reporter-output>
        </test-method> <!-- close -->
        <test-method is-config="true" signature="startup()[pri:0, instance:Testcases.Tc_09_Verify_menuitems@2c78324b]" started-at="2024-03-25T14:02:44 IST" name="startup" finished-at="2024-03-25T14:02:52 IST" duration-ms="8118" status="PASS">
          <reporter-output>
          </reporter-output>
        </test-method> <!-- startup -->
        <test-method signature="ManageBookingmenu_verify()[pri:10, instance:Testcases.Tc_09_Verify_menuitems@2c78324b]" started-at="2024-03-25T14:02:52 IST" name="ManageBookingmenu_verify" finished-at="2024-03-25T14:02:52 IST" duration-ms="39" status="PASS">
          <reporter-output>
          </reporter-output>
        </test-method> <!-- ManageBookingmenu_verify -->
        <test-method is-config="true" signature="close()[pri:0, instance:Testcases.Tc_09_Verify_menuitems@2c78324b]" started-at="2024-03-25T14:02:52 IST" name="close" finished-at="2024-03-25T14:02:52 IST" duration-ms="274" status="PASS">
          <reporter-output>
          </reporter-output>
        </test-method> <!-- close -->
        <test-method is-config="true" signature="startup()[pri:0, instance:Testcases.Tc_09_Verify_menuitems@2c78324b]" started-at="2024-03-25T14:02:52 IST" name="startup" finished-at="2024-03-25T14:03:00 IST" duration-ms="8407" status="PASS">
          <reporter-output>
          </reporter-output>
        </test-method> <!-- startup -->
        <test-method signature="checkinmenu_verify()[pri:10, instance:Testcases.Tc_09_Verify_menuitems@2c78324b]" started-at="2024-03-25T14:03:00 IST" name="checkinmenu_verify" finished-at="2024-03-25T14:03:00 IST" duration-ms="31" status="PASS">
          <reporter-output>
          </reporter-output>
        </test-method> <!-- checkinmenu_verify -->
        <test-method is-config="true" signature="close()[pri:0, instance:Testcases.Tc_09_Verify_menuitems@2c78324b]" started-at="2024-03-25T14:03:00 IST" name="close" finished-at="2024-03-25T14:03:01 IST" duration-ms="244" status="PASS">
          <reporter-output>
          </reporter-output>
        </test-method> <!-- close -->
      </class> <!-- Testcases.Tc_09_Verify_menuitems -->
      <class name="Testcases.Tc_08_Paymentpage">
        <test-method is-config="true" signature="startup()[pri:0, instance:Testcases.Tc_08_Paymentpage@238d68ff]" started-at="2024-03-25T14:04:08 IST" name="startup" finished-at="2024-03-25T14:04:15 IST" duration-ms="6542" status="PASS">
          <reporter-output>
          </reporter-output>
        </test-method> <!-- startup -->
        <test-method signature="Paymentpage()[pri:9, instance:Testcases.Tc_08_Paymentpage@238d68ff]" started-at="2024-03-25T14:04:15 IST" name="Paymentpage" finished-at="2024-03-25T14:04:34 IST" duration-ms="19846" status="PASS">
          <reporter-output>
          </reporter-output>
        </test-method> <!-- Paymentpage -->
        <test-method is-config="true" signature="close()[pri:0, instance:Testcases.Tc_08_Paymentpage@238d68ff]" started-at="2024-03-25T14:04:34 IST" name="close" finished-at="2024-03-25T14:04:35 IST" duration-ms="339" status="PASS">
          <reporter-output>
          </reporter-output>
        </test-method> <!-- close -->
      </class> <!-- Testcases.Tc_08_Paymentpage -->
      <class name="Testcases.Tc_01_Navigate_to_Homepage">
        <test-method is-config="true" signature="startup()[pri:0, instance:Testcases.Tc_01_Navigate_to_Homepage@4b86805d]" started-at="2024-03-25T14:04:35 IST" name="startup" finished-at="2024-03-25T14:04:43 IST" duration-ms="7727" status="PASS">
          <reporter-output>
          </reporter-output>
        </test-method> <!-- startup -->
        <test-method signature="Homepgae_verify()[pri:1, instance:Testcases.Tc_01_Navigate_to_Homepage@4b86805d]" started-at="2024-03-25T14:04:43 IST" name="Homepgae_verify" finished-at="2024-03-25T14:04:43 IST" duration-ms="13" status="PASS">
          <reporter-output>
          </reporter-output>
        </test-method> <!-- Homepgae_verify -->
        <test-method is-config="true" signature="close()[pri:0, instance:Testcases.Tc_01_Navigate_to_Homepage@4b86805d]" started-at="2024-03-25T14:04:43 IST" name="close" finished-at="2024-03-25T14:04:43 IST" duration-ms="209" status="PASS">
          <reporter-output>
          </reporter-output>
        </test-method> <!-- close -->
      </class> <!-- Testcases.Tc_01_Navigate_to_Homepage -->
    </test> <!-- Default test -->
  </suite> <!-- Default suite -->
</testng-results>
